01:50:43.375 [main] INFO  resources.base2 - Navigated to URL
01:51:22.330 [main] INFO  resources.base2 - Clicked in login link
01:51:22.935 [main] INFO  resources.base2 - Email ID input Succesfully
01:51:23.129 [main] INFO  resources.base2 - Password input Succesfully
01:51:25.736 [main] INFO  resources.base2 - User Succesfully logged in
01:51:34.145 [main] INFO  resources.base2 - Driver is initialised
01:51:49.477 [main] INFO  resources.base2 - Navigated to URL
01:52:16.095 [main] INFO  resources.base2 - Clicked in login link
01:52:16.785 [main] INFO  resources.base2 - Email ID input Succesfully
01:52:17.028 [main] INFO  resources.base2 - Password input Succesfully
01:52:23.397 [main] INFO  resources.base2 - User Succesfully logged in
15:46:26.132 [main] INFO  resources.base2 - Driver is initialised
15:46:49.371 [main] INFO  resources.base2 - Navigated to URL
15:47:26.115 [main] INFO  resources.base2 - Driver is initialised
15:47:43.958 [main] INFO  resources.base2 - Navigated to URL
15:47:56.250 [main] INFO  resources.base2 - Successfully Validated Contact link
15:47:56.251 [main] ERROR resources.base2 -  Not Validated Contact link
15:48:07.972 [main] INFO  resources.base2 - Driver is initialised
15:48:13.438 [main] INFO  resources.base2 - Navigated to URL
15:48:44.519 [main] INFO  resources.base2 - Clicked in login link
15:48:45.597 [main] INFO  resources.base2 - Email ID input Succesfully
15:48:46.350 [main] INFO  resources.base2 - Password input Succesfully
15:48:50.769 [main] INFO  resources.base2 - User Succesfully logged in
15:48:57.465 [main] INFO  resources.base2 - Driver is initialised
15:49:02.938 [main] INFO  resources.base2 - Navigated to URL
15:49:24.020 [main] INFO  resources.base2 - Clicked in login link
15:49:25.026 [main] INFO  resources.base2 - Email ID input Succesfully
15:49:25.193 [main] INFO  resources.base2 - Password input Succesfully
15:49:27.142 [main] INFO  resources.base2 - User Succesfully logged in
15:51:31.178 [main] INFO  resources.base2 - Driver is initialised
15:51:36.508 [main] INFO  resources.base2 - Navigated to URL
15:51:51.635 [main] INFO  resources.base2 - Driver is initialised
15:51:59.361 [main] INFO  resources.base2 - Navigated to URL
15:52:09.577 [main] INFO  resources.base2 - Successfully Validated Contact link
15:52:09.577 [main] ERROR resources.base2 -  Not Validated Contact link
15:52:17.565 [main] INFO  resources.base2 - Driver is initialised
15:52:24.431 [main] INFO  resources.base2 - Navigated to URL
15:52:46.677 [main] INFO  resources.base2 - Clicked in login link
15:52:48.419 [main] INFO  resources.base2 - Email ID input Succesfully
15:52:48.591 [main] INFO  resources.base2 - Password input Succesfully
15:52:55.005 [main] INFO  resources.base2 - User Succesfully logged in
15:53:02.456 [main] INFO  resources.base2 - Driver is initialised
15:53:13.826 [main] INFO  resources.base2 - Navigated to URL
15:53:32.342 [main] INFO  resources.base2 - Clicked in login link
15:53:33.945 [main] INFO  resources.base2 - Email ID input Succesfully
15:53:34.073 [main] INFO  resources.base2 - Password input Succesfully
15:53:39.175 [main] INFO  resources.base2 - User Succesfully logged in
15:57:08.314 [main] INFO  resources.base2 - Driver is initialised
15:57:13.570 [main] INFO  resources.base2 - Navigated to URL
15:57:29.019 [main] INFO  resources.base2 - Driver is initialised
15:57:40.795 [main] INFO  resources.base2 - Navigated to URL
15:57:52.246 [main] INFO  resources.base2 - Successfully Validated Contact link
15:57:52.247 [main] ERROR resources.base2 -  Not Validated Contact link
15:57:58.607 [main] INFO  resources.base2 - Driver is initialised
15:58:04.007 [main] INFO  resources.base2 - Navigated to URL
15:58:27.624 [main] INFO  resources.base2 - Clicked in login link
15:58:28.255 [main] INFO  resources.base2 - Email ID input Succesfully
15:58:28.431 [main] INFO  resources.base2 - Password input Succesfully
15:58:30.862 [main] INFO  resources.base2 - User Succesfully logged in
15:58:37.048 [main] INFO  resources.base2 - Driver is initialised
15:58:42.359 [main] INFO  resources.base2 - Navigated to URL
15:59:03.220 [main] INFO  resources.base2 - Clicked in login link
15:59:04.358 [main] INFO  resources.base2 - Email ID input Succesfully
15:59:04.622 [main] INFO  resources.base2 - Password input Succesfully
15:59:09.936 [main] INFO  resources.base2 - User Succesfully logged in
16:01:10.335 [main] INFO  resources.base2 - Driver is initialised
16:01:15.650 [main] INFO  resources.base2 - Navigated to URL
16:01:33.240 [main] INFO  resources.base2 - Driver is initialised
16:01:43.306 [main] INFO  resources.base2 - Navigated to URL
16:01:53.488 [main] INFO  resources.base2 - Successfully Validated Contact link
16:01:53.488 [main] ERROR resources.base2 -  Not Validated Contact link
16:01:59.093 [main] INFO  resources.base2 - Driver is initialised
16:02:04.751 [main] INFO  resources.base2 - Navigated to URL
